SF:lib\api\widgetbook_api.dart
DA:12,0
DA:14,0
DA:20,0
DA:23,0
DA:24,0
DA:30,0
DA:33,0
DA:34,0
DA:35,0
DA:38,0
DA:44,0
DA:47,0
DA:48,0
LF:13
LH:0
end_of_record
SF:lib\features\home\repositories\app_repository.dart
DA:7,1
DA:17,1
DA:18,3
LF:3
LH:3
end_of_record
SF:lib\app.dart
DA:11,1
DA:13,0
DA:15,1
DA:17,1
DA:18,1
DA:19,2
DA:21,1
DA:24,1
DA:25,1
DA:27,1
DA:28,1
DA:29,1
LF:12
LH:11
end_of_record
SF:lib\core\locales.dart
DA:9,3
LF:1
LH:1
end_of_record
SF:lib\core\providers\theme_mode_provider.dart
DA:5,4
LF:1
LH:1
end_of_record
SF:lib\core\theme.dart
DA:7,3
DA:8,1
DA:13,1
DA:18,1
DA:23,1
DA:28,1
DA:33,1
DA:40,3
DA:41,1
DA:46,1
DA:51,1
DA:56,1
DA:61,1
DA:66,1
DA:74,2
DA:77,1
DA:84,2
DA:86,1
LF:18
LH:18
end_of_record
SF:lib\features\home\views\pages\home_view.dart
DA:16,1
DA:18,1
DA:19,1
DA:27,1
DA:29,1
DA:30,2
DA:32,2
DA:33,0
DA:34,0
DA:39,1
DA:41,2
DA:42,1
DA:45,1
DA:47,3
DA:48,3
DA:50,1
DA:51,1
DA:52,2
DA:53,1
DA:54,1
DA:56,0
DA:57,0
DA:58,0
DA:60,0
DA:61,0
DA:62,0
DA:66,0
DA:68,1
DA:69,0
DA:70,0
DA:71,0
DA:73,0
DA:76,1
DA:82,1
DA:84,1
DA:86,1
DA:87,1
DA:88,1
DA:90,4
DA:93,1
DA:94,1
DA:95,1
DA:96,1
DA:97,1
DA:98,1
DA:101,1
DA:103,1
DA:104,1
DA:105,1
DA:109,1
DA:110,2
DA:111,1
DA:114,1
LF:53
LH:40
end_of_record
SF:lib\core\api\dummy_api.dart
DA:12,0
DA:14,0
DA:20,0
DA:23,0
DA:24,0
DA:30,0
DA:33,0
DA:34,0
DA:35,0
DA:38,0
DA:44,0
DA:47,0
DA:48,0
LF:13
LH:0
end_of_record
SF:lib\core\providers\api_provider.dart
DA:8,0
DA:13,0
LF:2
LH:0
end_of_record
SF:lib\features\home\controllers\message_button_controller.dart
DA:8,1
DA:9,1
DA:16,0
DA:17,0
DA:18,0
DA:19,0
LF:6
LH:2
end_of_record
SF:lib\features\home\providers\repository_provider.dart
DA:8,0
DA:9,0
LF:2
LH:0
end_of_record
SF:lib\features\home\extensions\async_extension.dart
DA:9,0
DA:12,0
DA:13,0
DA:14,0
DA:15,0
DA:16,0
LF:6
LH:0
end_of_record
SF:lib\features\home\providers\message_controller_provider.dart
DA:6,2
DA:7,1
DA:8,2
LF:3
LH:3
end_of_record
SF:lib\features\home\views\widgets\custom_textfield.dart
DA:9,1
DA:13,1
DA:21,1
DA:23,2
DA:25,1
DA:26,2
DA:28,3
DA:30,1
DA:31,1
DA:32,1
DA:39,1
DA:49,1
DA:50,1
DA:51,1
DA:52,1
DA:53,1
DA:56,1
DA:58,1
DA:60,1
LF:19
LH:19
end_of_record
SF:lib\features\home\views\widgets\result_widget.dart
DA:7,2
DA:12,1
DA:14,4
DA:15,0
LF:4
LH:3
end_of_record
SF:lib\features\home\views\widgets\submit_button.dart
DA:14,1
DA:26,1
DA:28,1
DA:29,1
DA:30,0
DA:31,0
DA:34,2
DA:36,1
DA:37,1
DA:38,1
DA:39,3
DA:41,0
DA:42,0
DA:43,0
LF:14
LH:9
end_of_record
SF:lib\features\home\views\widgets\custom_button.dart
DA:7,1
DA:12,1
DA:25,1
DA:27,1
DA:28,1
DA:29,1
DA:30,1
DA:35,2
LF:8
LH:8
end_of_record
